<?xml version="1.0" encoding="UTF-8"?>
<!-- Generated by org.testng.reporters.JUnitXMLReporter -->
<testsuite ignored="3" hostname="Emines-Laptop.lan" failures="0" tests="0" time="0.734" errors="0" timestamp="2023-10-17T20:25:39 EDT">
  <testcase classname="com.neotech.testcases.LoginTest" name="invalidPasswordLogin" time="0.0">
    <ignored/>
  </testcase> <!-- invalidPasswordLogin -->
  <testcase classname="com.neotech.testcases.LoginTest" name="emptyPasswordLogin" time="0.0">
    <ignored/>
  </testcase> <!-- emptyPasswordLogin -->
  <testcase classname="com.neotech.testcases.LoginTest" name="emptyPasswordLoginn" time="0.0">
    <ignored/>
  </testcase> <!-- emptyPasswordLoginn -->
</testsuite>
