<?xml version="1.0" encoding="UTF-8"?>
<!-- Generated by org.testng.reporters.JUnitXMLReporter -->
<testsuite ignored="5" hostname="Sabah" failures="0" tests="3" name="Test" time="134.758" errors="0" timestamp="2023-10-21T12:01:28 EDT">
  <testcase classname="com.neotech.testcases.AddEmployeeTest" name="addEmployee" time="34.251"/>
  <testcase classname="com.neotech.testcases.AddEmployeeTest" name="addEmployee" time="37.133"/>
  <testcase classname="com.neotech.testcases.AddEmployeeTest" name="addEmployee" time="38.284"/>
  <testcase classname="com.neotech.testbase.BaseClass" name="@BeforeTest generateReport" time="0.0">
    <ignored/>
  </testcase> <!-- @BeforeTest generateReport -->
  <testcase classname="com.neotech.testbase.BaseClass" name="@AfterTest writeReport" time="0.0">
    <ignored/>
  </testcase> <!-- @AfterTest writeReport -->
  <testcase classname="com.neotech.testcases.LoginTest" name="validLogin" time="0.0">
    <ignored/>
  </testcase> <!-- validLogin -->
  <testcase classname="com.neotech.testcases.LoginTest" name="emptyPasswordLogin" time="0.0">
    <ignored/>
  </testcase> <!-- emptyPasswordLogin -->
  <testcase classname="com.neotech.testcases.LoginTest" name="invalidPasswordLogin" time="0.0">
    <ignored/>
  </testcase> <!-- invalidPasswordLogin -->
</testsuite> <!-- Test -->
