<?xml version="1.0" encoding="UTF-8"?>
<!-- Generated by org.testng.reporters.JUnitXMLReporter -->
<testsuite ignored="0" hostname="Emines-Laptop.lan" failures="0" tests="3" name="Default test" time="246.24" errors="0" timestamp="2023-10-18T14:45:31 EDT">
  <testcase classname="com.neotech.testcases.PracticeAddEmployee" name="TestOrangeHRM" time="71.498"/>
  <testcase classname="com.neotech.testcases.PracticeAddEmployee" name="TestOrangeHRM" time="73.477"/>
  <testcase classname="com.neotech.testcases.PracticeAddEmployee" name="TestOrangeHRM" time="70.795"/>
</testsuite> <!-- Default test -->
