<?xml version="1.0" encoding="UTF-8"?>
<testng-results ignored="0" total="3" passed="0" failed="3" skipped="0">
  <reporter-output>
  </reporter-output>
  <suite started-at="2023-10-18T01:01:43 EDT" name="Suite AddEmp" finished-at="2023-10-18T01:05:58 EDT" duration-ms="255881">
    <groups>
      <group name="OrangeHRM">
        <method signature="AddEmployeeTest.TestOrangeHRM(java.lang.String,java.lang.String,java.lang.String,java.lang.String,java.lang.String)[pri:0, instance:com.neotech.testcases.AddEmployeeTest@14f5da2c]" name="TestOrangeHRM" class="com.neotech.testcases.AddEmployeeTest"/>
      </group> <!-- OrangeHRM -->
    </groups>
    <test started-at="2023-10-18T01:01:43 EDT" name="Test AddEmp" finished-at="2023-10-18T01:05:58 EDT" duration-ms="255881">
      <class name="com.neotech.testcases.AddEmployeeTest">
        <test-method is-config="true" signature="generateReport()[pri:0, instance:com.neotech.testcases.AddEmployeeTest@14f5da2c]" started-at="2023-10-18T01:01:43 EDT" name="generateReport" finished-at="2023-10-18T01:01:43 EDT" duration-ms="259" status="PASS">
          <reporter-output>
          </reporter-output>
        </test-method> <!-- generateReport -->
        <test-method is-config="true" signature="setUp()[pri:0, instance:com.neotech.testcases.AddEmployeeTest@14f5da2c]" started-at="2023-10-18T01:01:43 EDT" name="setUp" finished-at="2023-10-18T01:01:52 EDT" duration-ms="9442" status="PASS">
          <reporter-output>
          </reporter-output>
        </test-method> <!-- setUp -->
        <test-method signature="TestOrangeHRM(java.lang.String,java.lang.String,java.lang.String,java.lang.String,java.lang.String)[pri:0, instance:com.neotech.testcases.AddEmployeeTest@14f5da2c]" started-at="2023-10-18T01:01:52 EDT" name="TestOrangeHRM" data-provider="getData" finished-at="2023-10-18T01:03:06 EDT" duration-ms="73535" status="FAIL">
          <params>
            <param index="0">
              <value>
                <![CDATA[Luciana]]>
              </value>
            </param>
            <param index="1">
              <value>
                <![CDATA[Dacuruz]]>
              </value>
            </param>
            <param index="2">
              <value>
                <![CDATA[Tho123456789$$]]>
              </value>
            </param>
            <param index="3">
              <value>
                <![CDATA[Thomas@123456$$]]>
              </value>
            </param>
            <param index="4">
              <value>
                <![CDATA[Canadian Development Center]]>
              </value>
            </param>
          </params>
          <exception class="java.lang.AssertionError">
            <message>
              <![CDATA[0165 expected:<0165> but was:<Employee ID dose not match!>]]>
            </message>
            <full-stacktrace>
              <![CDATA[java.lang.AssertionError: 0165 expected:<0165> but was:<Employee ID dose not match!>
at org.testng.AssertJUnit.assertEquals(AssertJUnit.java:115)
at com.neotech.testcases.AddEmployeeTest.TestOrangeHRM(AddEmployeeTest.java:54)
at java.base/jdk.internal.reflect.NativeMethodAccessorImpl.invoke0(Native Method)
at java.base/jdk.internal.reflect.NativeMethodAccessorImpl.invoke(NativeMethodAccessorImpl.java:77)
at java.base/jdk.internal.reflect.DelegatingMethodAccessorImpl.invoke(DelegatingMethodAccessorImpl.java:43)
at java.base/java.lang.reflect.Method.invoke(Method.java:568)
at org.testng.internal.invokers.MethodInvocationHelper.invokeMethod(MethodInvocationHelper.java:139)
at org.testng.internal.invokers.TestInvoker.invokeMethod(TestInvoker.java:664)
at org.testng.internal.invokers.TestInvoker.invokeTestMethod(TestInvoker.java:227)
at org.testng.internal.invokers.MethodRunner.runInSequence(MethodRunner.java:50)
at org.testng.internal.invokers.TestInvoker$MethodInvocationAgent.invoke(TestInvoker.java:957)
at org.testng.internal.invokers.TestInvoker.invokeTestMethods(TestInvoker.java:200)
at org.testng.internal.invokers.TestMethodWorker.invokeTestMethods(TestMethodWorker.java:148)
at org.testng.internal.invokers.TestMethodWorker.run(TestMethodWorker.java:128)
at java.base/java.util.ArrayList.forEach(ArrayList.java:1511)
at org.testng.TestRunner.privateRun(TestRunner.java:848)
at org.testng.TestRunner.run(TestRunner.java:621)
at org.testng.SuiteRunner.runTest(SuiteRunner.java:443)
at org.testng.SuiteRunner.runSequentially(SuiteRunner.java:437)
at org.testng.SuiteRunner.privateRun(SuiteRunner.java:397)
at org.testng.SuiteRunner.run(SuiteRunner.java:336)
at org.testng.SuiteRunnerWorker.runSuite(SuiteRunnerWorker.java:52)
at org.testng.SuiteRunnerWorker.run(SuiteRunnerWorker.java:95)
at org.testng.TestNG.runSuitesSequentially(TestNG.java:1280)
at org.testng.TestNG.runSuitesLocally(TestNG.java:1200)
at org.testng.TestNG.runSuites(TestNG.java:1114)
at org.testng.TestNG.run(TestNG.java:1082)
at org.testng.remote.AbstractRemoteTestNG.run(AbstractRemoteTestNG.java:115)
at org.testng.remote.RemoteTestNG.initAndRun(RemoteTestNG.java:251)
at org.testng.remote.RemoteTestNG.main(RemoteTestNG.java:77)
]]>
            </full-stacktrace>
          </exception> <!-- java.lang.AssertionError -->
          <reporter-output>
          </reporter-output>
        </test-method> <!-- TestOrangeHRM -->
        <test-method is-config="true" signature="tearDown()[pri:0, instance:com.neotech.testcases.AddEmployeeTest@14f5da2c]" started-at="2023-10-18T01:03:06 EDT" name="tearDown" finished-at="2023-10-18T01:03:06 EDT" duration-ms="130" status="PASS">
          <reporter-output>
          </reporter-output>
        </test-method> <!-- tearDown -->
        <test-method is-config="true" signature="setUp()[pri:0, instance:com.neotech.testcases.AddEmployeeTest@14f5da2c]" started-at="2023-10-18T01:03:06 EDT" name="setUp" finished-at="2023-10-18T01:03:14 EDT" duration-ms="8337" status="PASS">
          <reporter-output>
          </reporter-output>
        </test-method> <!-- setUp -->
        <test-method signature="TestOrangeHRM(java.lang.String,java.lang.String,java.lang.String,java.lang.String,java.lang.String)[pri:0, instance:com.neotech.testcases.AddEmployeeTest@14f5da2c]" started-at="2023-10-18T01:03:14 EDT" name="TestOrangeHRM" data-provider="getData" finished-at="2023-10-18T01:04:32 EDT" duration-ms="77307" status="FAIL">
          <params>
            <param index="0">
              <value>
                <![CDATA[Ingrid ]]>
              </value>
            </param>
            <param index="1">
              <value>
                <![CDATA[Binnig]]>
              </value>
            </param>
            <param index="2">
              <value>
                <![CDATA[Hect1234567891$$]]>
              </value>
            </param>
            <param index="3">
              <value>
                <![CDATA[Rodr@123456$$]]>
              </value>
            </param>
            <param index="4">
              <value>
                <![CDATA[Chinese Development Center]]>
              </value>
            </param>
          </params>
          <exception class="java.lang.AssertionError">
            <message>
              <![CDATA[0165 expected:<0165> but was:<Employee ID dose not match!>]]>
            </message>
            <full-stacktrace>
              <![CDATA[java.lang.AssertionError: 0165 expected:<0165> but was:<Employee ID dose not match!>
at org.testng.AssertJUnit.assertEquals(AssertJUnit.java:115)
at com.neotech.testcases.AddEmployeeTest.TestOrangeHRM(AddEmployeeTest.java:54)
at java.base/jdk.internal.reflect.NativeMethodAccessorImpl.invoke0(Native Method)
at java.base/jdk.internal.reflect.NativeMethodAccessorImpl.invoke(NativeMethodAccessorImpl.java:77)
at java.base/jdk.internal.reflect.DelegatingMethodAccessorImpl.invoke(DelegatingMethodAccessorImpl.java:43)
at java.base/java.lang.reflect.Method.invoke(Method.java:568)
at org.testng.internal.invokers.MethodInvocationHelper.invokeMethod(MethodInvocationHelper.java:139)
at org.testng.internal.invokers.TestInvoker.invokeMethod(TestInvoker.java:664)
at org.testng.internal.invokers.TestInvoker.invokeTestMethod(TestInvoker.java:227)
at org.testng.internal.invokers.MethodRunner.runInSequence(MethodRunner.java:50)
at org.testng.internal.invokers.TestInvoker$MethodInvocationAgent.invoke(TestInvoker.java:957)
at org.testng.internal.invokers.TestInvoker.invokeTestMethods(TestInvoker.java:200)
at org.testng.internal.invokers.TestMethodWorker.invokeTestMethods(TestMethodWorker.java:148)
at org.testng.internal.invokers.TestMethodWorker.run(TestMethodWorker.java:128)
at java.base/java.util.ArrayList.forEach(ArrayList.java:1511)
at org.testng.TestRunner.privateRun(TestRunner.java:848)
at org.testng.TestRunner.run(TestRunner.java:621)
at org.testng.SuiteRunner.runTest(SuiteRunner.java:443)
at org.testng.SuiteRunner.runSequentially(SuiteRunner.java:437)
at org.testng.SuiteRunner.privateRun(SuiteRunner.java:397)
at org.testng.SuiteRunner.run(SuiteRunner.java:336)
at org.testng.SuiteRunnerWorker.runSuite(SuiteRunnerWorker.java:52)
at org.testng.SuiteRunnerWorker.run(SuiteRunnerWorker.java:95)
at org.testng.TestNG.runSuitesSequentially(TestNG.java:1280)
at org.testng.TestNG.runSuitesLocally(TestNG.java:1200)
at org.testng.TestNG.runSuites(TestNG.java:1114)
at org.testng.TestNG.run(TestNG.java:1082)
at org.testng.remote.AbstractRemoteTestNG.run(AbstractRemoteTestNG.java:115)
at org.testng.remote.RemoteTestNG.initAndRun(RemoteTestNG.java:251)
at org.testng.remote.RemoteTestNG.main(RemoteTestNG.java:77)
]]>
            </full-stacktrace>
          </exception> <!-- java.lang.AssertionError -->
          <reporter-output>
          </reporter-output>
        </test-method> <!-- TestOrangeHRM -->
        <test-method is-config="true" signature="tearDown()[pri:0, instance:com.neotech.testcases.AddEmployeeTest@14f5da2c]" started-at="2023-10-18T01:04:32 EDT" name="tearDown" finished-at="2023-10-18T01:04:32 EDT" duration-ms="117" status="PASS">
          <reporter-output>
          </reporter-output>
        </test-method> <!-- tearDown -->
        <test-method is-config="true" signature="setUp()[pri:0, instance:com.neotech.testcases.AddEmployeeTest@14f5da2c]" started-at="2023-10-18T01:04:32 EDT" name="setUp" finished-at="2023-10-18T01:04:40 EDT" duration-ms="8561" status="PASS">
          <reporter-output>
          </reporter-output>
        </test-method> <!-- setUp -->
        <test-method signature="TestOrangeHRM(java.lang.String,java.lang.String,java.lang.String,java.lang.String,java.lang.String)[pri:0, instance:com.neotech.testcases.AddEmployeeTest@14f5da2c]" started-at="2023-10-18T01:04:40 EDT" name="TestOrangeHRM" data-provider="getData" finished-at="2023-10-18T01:05:58 EDT" duration-ms="77525" status="FAIL">
          <params>
            <param index="0">
              <value>
                <![CDATA[Rafeal]]>
              </value>
            </param>
            <param index="1">
              <value>
                <![CDATA[Vargez]]>
              </value>
            </param>
            <param index="2">
              <value>
                <![CDATA[Tra1234567891$$]]>
              </value>
            </param>
            <param index="3">
              <value>
                <![CDATA[Perez@123455$$]]>
              </value>
            </param>
            <param index="4">
              <value>
                <![CDATA[France Regional HQ]]>
              </value>
            </param>
          </params>
          <exception class="java.lang.AssertionError">
            <message>
              <![CDATA[0165 expected:<0165> but was:<Employee ID dose not match!>]]>
            </message>
            <full-stacktrace>
              <![CDATA[java.lang.AssertionError: 0165 expected:<0165> but was:<Employee ID dose not match!>
at org.testng.AssertJUnit.assertEquals(AssertJUnit.java:115)
at com.neotech.testcases.AddEmployeeTest.TestOrangeHRM(AddEmployeeTest.java:54)
at java.base/jdk.internal.reflect.NativeMethodAccessorImpl.invoke0(Native Method)
at java.base/jdk.internal.reflect.NativeMethodAccessorImpl.invoke(NativeMethodAccessorImpl.java:77)
at java.base/jdk.internal.reflect.DelegatingMethodAccessorImpl.invoke(DelegatingMethodAccessorImpl.java:43)
at java.base/java.lang.reflect.Method.invoke(Method.java:568)
at org.testng.internal.invokers.MethodInvocationHelper.invokeMethod(MethodInvocationHelper.java:139)
at org.testng.internal.invokers.TestInvoker.invokeMethod(TestInvoker.java:664)
at org.testng.internal.invokers.TestInvoker.invokeTestMethod(TestInvoker.java:227)
at org.testng.internal.invokers.MethodRunner.runInSequence(MethodRunner.java:50)
at org.testng.internal.invokers.TestInvoker$MethodInvocationAgent.invoke(TestInvoker.java:957)
at org.testng.internal.invokers.TestInvoker.invokeTestMethods(TestInvoker.java:200)
at org.testng.internal.invokers.TestMethodWorker.invokeTestMethods(TestMethodWorker.java:148)
at org.testng.internal.invokers.TestMethodWorker.run(TestMethodWorker.java:128)
at java.base/java.util.ArrayList.forEach(ArrayList.java:1511)
at org.testng.TestRunner.privateRun(TestRunner.java:848)
at org.testng.TestRunner.run(TestRunner.java:621)
at org.testng.SuiteRunner.runTest(SuiteRunner.java:443)
at org.testng.SuiteRunner.runSequentially(SuiteRunner.java:437)
at org.testng.SuiteRunner.privateRun(SuiteRunner.java:397)
at org.testng.SuiteRunner.run(SuiteRunner.java:336)
at org.testng.SuiteRunnerWorker.runSuite(SuiteRunnerWorker.java:52)
at org.testng.SuiteRunnerWorker.run(SuiteRunnerWorker.java:95)
at org.testng.TestNG.runSuitesSequentially(TestNG.java:1280)
at org.testng.TestNG.runSuitesLocally(TestNG.java:1200)
at org.testng.TestNG.runSuites(TestNG.java:1114)
at org.testng.TestNG.run(TestNG.java:1082)
at org.testng.remote.AbstractRemoteTestNG.run(AbstractRemoteTestNG.java:115)
at org.testng.remote.RemoteTestNG.initAndRun(RemoteTestNG.java:251)
at org.testng.remote.RemoteTestNG.main(RemoteTestNG.java:77)
]]>
            </full-stacktrace>
          </exception> <!-- java.lang.AssertionError -->
          <reporter-output>
          </reporter-output>
        </test-method> <!-- TestOrangeHRM -->
        <test-method is-config="true" signature="tearDown()[pri:0, instance:com.neotech.testcases.AddEmployeeTest@14f5da2c]" started-at="2023-10-18T01:05:58 EDT" name="tearDown" finished-at="2023-10-18T01:05:58 EDT" duration-ms="111" status="PASS">
          <reporter-output>
          </reporter-output>
        </test-method> <!-- tearDown -->
        <test-method is-config="true" signature="writeReport()[pri:0, instance:com.neotech.testcases.AddEmployeeTest@14f5da2c]" started-at="2023-10-18T01:05:58 EDT" name="writeReport" finished-at="2023-10-18T01:05:58 EDT" duration-ms="452" status="PASS">
          <reporter-output>
          </reporter-output>
        </test-method> <!-- writeReport -->
      </class> <!-- com.neotech.testcases.AddEmployeeTest -->
    </test> <!-- Test AddEmp -->
  </suite> <!-- Suite AddEmp -->
</testng-results>
