<?xml version="1.0" encoding="UTF-8"?>
<!-- Generated by org.testng.reporters.JUnitXMLReporter -->
<testsuite ignored="0" hostname="Emines-Laptop.lan" failures="3" tests="3" name="Test Practice" time="243.754" errors="0" timestamp="2023-10-18T14:52:22 EDT">
  <testcase classname="com.neotech.testcases.PracticeAddEmployee" name="TestOrangeHRM" time="69.307">
    <failure type="java.lang.AssertionError" message="0168 expected:&amp;lt;0168&amp;gt; but was:&amp;lt; Name is not mach.&amp;gt;">
      <![CDATA[java.lang.AssertionError: 0168 expected:<0168> but was:< Name is not mach.>
at com.neotech.testcases.PracticeAddEmployee.TestOrangeHRM(PracticeAddEmployee.java:43)
at java.base/java.util.ArrayList.forEach(ArrayList.java:1511)
... Removed 28 stack frames]]>
    </failure>
  </testcase> <!-- TestOrangeHRM -->
  <testcase classname="com.neotech.testcases.PracticeAddEmployee" name="TestOrangeHRM" time="71.236">
    <failure type="java.lang.AssertionError" message="0168 expected:&amp;lt;0168&amp;gt; but was:&amp;lt; Name is not mach.&amp;gt;">
      <![CDATA[java.lang.AssertionError: 0168 expected:<0168> but was:< Name is not mach.>
at com.neotech.testcases.PracticeAddEmployee.TestOrangeHRM(PracticeAddEmployee.java:43)
at java.base/java.util.ArrayList.forEach(ArrayList.java:1511)
... Removed 28 stack frames]]>
    </failure>
  </testcase> <!-- TestOrangeHRM -->
  <testcase classname="com.neotech.testcases.PracticeAddEmployee" name="TestOrangeHRM" time="72.233">
    <failure type="java.lang.AssertionError" message="0168 expected:&amp;lt;0168&amp;gt; but was:&amp;lt; Name is not mach.&amp;gt;">
      <![CDATA[java.lang.AssertionError: 0168 expected:<0168> but was:< Name is not mach.>
at com.neotech.testcases.PracticeAddEmployee.TestOrangeHRM(PracticeAddEmployee.java:43)
at java.base/java.util.ArrayList.forEach(ArrayList.java:1511)
... Removed 28 stack frames]]>
    </failure>
  </testcase> <!-- TestOrangeHRM -->
</testsuite> <!-- Test Practice -->
