<?xml version="1.0" encoding="UTF-8"?>
<!-- Generated by org.testng.reporters.JUnitXMLReporter -->
<testsuite ignored="0" hostname="Emines-Laptop.lan" failures="0" tests="3" name="Test AddEmp" time="256.346" errors="0" timestamp="2023-10-18T13:01:09 EDT">
  <testcase classname="com.neotech.testcases.AddEmployeeTest" name="TestOrangeHRM" time="75.729"/>
  <testcase classname="com.neotech.testcases.AddEmployeeTest" name="TestOrangeHRM" time="74.167"/>
  <testcase classname="com.neotech.testcases.AddEmployeeTest" name="TestOrangeHRM" time="75.042"/>
</testsuite> <!-- Test AddEmp -->
