<?xml version="1.0" encoding="UTF-8"?>
<!-- Generated by org.testng.reporters.JUnitXMLReporter -->
<testsuite ignored="0" hostname="Emines-Laptop.lan" failures="3" tests="3" name="Test AddEmp" time="255.881" errors="0" timestamp="2023-10-18T01:05:59 EDT">
  <testcase classname="com.neotech.testcases.AddEmployeeTest" name="TestOrangeHRM" time="73.535">
    <failure type="java.lang.AssertionError" message="0165 expected:&amp;lt;0165&amp;gt; but was:&amp;lt;Employee ID dose not match!&amp;gt;">
      <![CDATA[java.lang.AssertionError: 0165 expected:<0165> but was:<Employee ID dose not match!>
at com.neotech.testcases.AddEmployeeTest.TestOrangeHRM(AddEmployeeTest.java:54)
at java.base/java.util.ArrayList.forEach(ArrayList.java:1511)
... Removed 28 stack frames]]>
    </failure>
  </testcase> <!-- TestOrangeHRM -->
  <testcase classname="com.neotech.testcases.AddEmployeeTest" name="TestOrangeHRM" time="77.307">
    <failure type="java.lang.AssertionError" message="0165 expected:&amp;lt;0165&amp;gt; but was:&amp;lt;Employee ID dose not match!&amp;gt;">
      <![CDATA[java.lang.AssertionError: 0165 expected:<0165> but was:<Employee ID dose not match!>
at com.neotech.testcases.AddEmployeeTest.TestOrangeHRM(AddEmployeeTest.java:54)
at java.base/java.util.ArrayList.forEach(ArrayList.java:1511)
... Removed 28 stack frames]]>
    </failure>
  </testcase> <!-- TestOrangeHRM -->
  <testcase classname="com.neotech.testcases.AddEmployeeTest" name="TestOrangeHRM" time="77.525">
    <failure type="java.lang.AssertionError" message="0165 expected:&amp;lt;0165&amp;gt; but was:&amp;lt;Employee ID dose not match!&amp;gt;">
      <![CDATA[java.lang.AssertionError: 0165 expected:<0165> but was:<Employee ID dose not match!>
at com.neotech.testcases.AddEmployeeTest.TestOrangeHRM(AddEmployeeTest.java:54)
at java.base/java.util.ArrayList.forEach(ArrayList.java:1511)
... Removed 28 stack frames]]>
    </failure>
  </testcase> <!-- TestOrangeHRM -->
</testsuite> <!-- Test AddEmp -->
