<?xml version="1.0" encoding="UTF-8"?>
<!-- Generated by org.testng.reporters.JUnitXMLReporter -->
<testsuite ignored="1" hostname="Emines-Laptop.lan" failures="0" tests="2" name="TestRegressionn" time="50.339" errors="0" timestamp="2023-10-17T21:26:06 EDT">
  <testcase classname="com.neotech.testcases.LoginTest" name="emptyPasswordLogin" time="24.887"/>
  <testcase classname="com.neotech.testcases.LoginTest" name="emptyPasswordLoginn" time="3.945"/>
  <testcase classname="com.neotech.testcases.LoginTest" name="invalidPasswordLogin" time="0.0">
    <ignored/>
  </testcase> <!-- invalidPasswordLogin -->
</testsuite> <!-- TestRegressionn -->
